# JRE version: OpenJDK Runtime Environment Temurin-21.0.4+7 (21.0.4+7) (build 21.0.4+7-LTS)
# Java VM: OpenJDK 64-Bit Server VM Temurin-21.0.4+7 (21.0.4+7-LTS, mixed mode, sharing, tiered, compressed oops, compressed class ptrs, g1 gc, windows-amd64)
GC Precious Log:
 CardTable entry size: 512
 Card Set container configuration: InlinePtr #cards 5 size 8 Array Of Cards #cards 12 size 40 Howl #buckets 4 coarsen threshold 1843 Howl Bitmap #cards 512 size 80 coarsen threshold 460 Card regions per heap region 1 cards per card region 2048
 CPUs: 12 total, 12 available
 Memory: 7967M
 Large Page Support: Disabled
 NUMA Support: Disabled
 Compressed Oops: Enabled (32-bit)
 Heap Region Size: 1M
 Heap Min Capacity: 8M
 Heap Initial Capacity: 126M
 Heap Max Capacity: 1992M
 Pre-touch: Disabled
 Parallel Workers: 10
 Concurrent Workers: 3
 Concurrent Refinement Workers: 10
 Periodic GC: Disabled
Heap:
 garbage-first heap   total 32768K, used 27374K [0x0000000083800000, 0x0000000100000000)
  region size 1024K, 8 young (8192K), 1 survivors (1024K)
 Metaspace       used 10239K, committed 10496K, reserved 1114112K
  class space    used 1009K, committed 1152K, reserved 1048576K
GC Heap History (16 events):
Event: 3.225 GC heap before
{Heap before GC invocations=0 (full 0):
 garbage-first heap   total 129024K, used 5120K [0x0000000083800000, 0x0000000100000000)
  region size 1024K, 6 young (6144K), 0 survivors (0K)
 Metaspace       used 2683K, committed 2944K, reserved 1114112K
  class space    used 245K, committed 384K, reserved 1048576K
}
Event: 3.227 GC heap after
{Heap after GC invocations=1 (full 0):
 garbage-first heap   total 129024K, used 2754K [0x0000000083800000, 0x0000000100000000)
  region size 1024K, 1 young (1024K), 1 survivors (1024K)
 Metaspace       used 2683K, committed 2944K, reserved 1114112K
  class space    used 245K, committed 384K, reserved 1048576K
}
Event: 3.436 GC heap before
{Heap before GC invocations=1 (full 0):
 garbage-first heap   total 129024K, used 6850K [0x0000000083800000, 0x0000000100000000)
  region size 1024K, 6 young (6144K), 1 survivors (1024K)
 Metaspace       used 6921K, committed 7168K, reserved 1114112K
  class space    used 656K, committed 768K, reserved 1048576K
}
Event: 3.438 GC heap after
{Heap after GC invocations=2 (full 0):
 garbage-first heap   total 129024K, used 4561K [0x0000000083800000, 0x0000000100000000)
  region size 1024K, 1 young (1024K), 1 survivors (1024K)
 Metaspace       used 6921K, committed 7168K, reserved 1114112K
  class space    used 656K, committed 768K, reserved 1048576K
}
Event: 3.643 GC heap before
{Heap before GC invocations=2 (full 0):
 garbage-first heap   total 129024K, used 8657K [0x0000000083800000, 0x0000000100000000)
  region size 1024K, 6 young (6144K), 1 survivors (1024K)
 Metaspace       used 8008K, committed 8256K, reserved 1114112K
  class space    used 771K, committed 896K, reserved 1048576K
}
Event: 3.645 GC heap after
{Heap after GC invocations=3 (full 0):
 garbage-first heap   total 129024K, used 4925K [0x0000000083800000, 0x0000000100000000)
  region size 1024K, 1 young (1024K), 1 survivors (1024K)
 Metaspace       used 8008K, committed 8256K, reserved 1114112K
  class space    used 771K, committed 896K, reserved 1048576K
}
Event: 3.776 GC heap before
{Heap before GC invocations=3 (full 0):
 garbage-first heap   total 129024K, used 6973K [0x0000000083800000, 0x0000000100000000)
  region size 1024K, 4 young (4096K), 1 survivors (1024K)
 Metaspace       used 9253K, committed 9536K, reserved 1114112K
  class space    used 903K, committed 1024K, reserved 1048576K
}
Event: 3.782 GC heap after
{Heap after GC invocations=4 (full 1):
 garbage-first heap   total 20480K, used 5014K [0x0000000083800000, 0x0000000100000000)
  region size 1024K, 0 young (0K), 0 survivors (0K)
 Metaspace       used 9253K, committed 9536K, reserved 1114112K
  class space    used 903K, committed 1024K, reserved 1048576K
}
Event: 5.972 GC heap before
{Heap before GC invocations=4 (full 1):
 garbage-first heap   total 20480K, used 10134K [0x0000000083800000, 0x0000000100000000)
  region size 1024K, 4 young (4096K), 0 survivors (0K)
 Metaspace       used 10086K, committed 10304K, reserved 1114112K
  class space    used 996K, committed 1088K, reserved 1048576K
}
Event: 5.972 GC heap after
{Heap after GC invocations=5 (full 1):
 garbage-first heap   total 20480K, used 9026K [0x0000000083800000, 0x0000000100000000)
  region size 1024K, 1 young (1024K), 1 survivors (1024K)
 Metaspace       used 10086K, committed 10304K, reserved 1114112K
  class space    used 996K, committed 1088K, reserved 1048576K
}
Event: 5.978 GC heap before
{Heap before GC invocations=5 (full 1):
 garbage-first heap   total 20480K, used 12098K [0x0000000083800000, 0x0000000100000000)
  region size 1024K, 2 young (2048K), 1 survivors (1024K)
 Metaspace       used 10111K, committed 10304K, reserved 1114112K
  class space    used 1000K, committed 1088K, reserved 1048576K
}
Event: 5.979 GC heap after
{Heap after GC invocations=6 (full 1):
 garbage-first heap   total 20480K, used 12184K [0x0000000083800000, 0x0000000100000000)
  region size 1024K, 1 young (1024K), 1 survivors (1024K)
 Metaspace       used 10111K, committed 10304K, reserved 1114112K
  class space    used 1000K, committed 1088K, reserved 1048576K
}
Event: 5.983 GC heap before
{Heap before GC invocations=7 (full 1):
 garbage-first heap   total 29696K, used 15256K [0x0000000083800000, 0x0000000100000000)
  region size 1024K, 2 young (2048K), 1 survivors (1024K)
 Metaspace       used 10117K, committed 10304K, reserved 1114112K
  class space    used 1000K, committed 1088K, reserved 1048576K
}
Event: 5.990 GC heap after
{Heap after GC invocations=8 (full 2):
 garbage-first heap   total 29696K, used 15077K [0x0000000083800000, 0x0000000100000000)
  region size 1024K, 0 young (0K), 0 survivors (0K)
 Metaspace       used 10117K, committed 10304K, reserved 1114112K
  class space    used 1000K, committed 1088K, reserved 1048576K
}
Event: 5.990 GC heap before
{Heap before GC invocations=8 (full 2):
 garbage-first heap   total 29696K, used 15077K [0x0000000083800000, 0x0000000100000000)
  region size 1024K, 1 young (1024K), 0 survivors (0K)
 Metaspace       used 10117K, committed 10304K, reserved 1114112K
  class space    used 1000K, committed 1088K, reserved 1048576K
}
Event: 5.991 GC heap after
{Heap after GC invocations=9 (full 2):
 garbage-first heap   total 29696K, used 15086K [0x0000000083800000, 0x0000000100000000)
  region size 1024K, 1 young (1024K), 1 survivors (1024K)
 Metaspace       used 10117K, committed 10304K, reserved 1114112K
  class space    used 1000K, committed 1088K, reserved 1048576K
}

