# JRE version: OpenJDK Runtime Environment Temurin-21.0.4+7 (21.0.4+7) (build 21.0.4+7-LTS)
# Java VM: OpenJDK 64-Bit Server VM Temurin-21.0.4+7 (21.0.4+7-LTS, mixed mode, sharing, tiered, compressed oops, compressed class ptrs, g1 gc, windows-amd64)
GC Precious Log:
 CardTable entry size: 512
 Card Set container configuration: InlinePtr #cards 5 size 8 Array Of Cards #cards 12 size 40 Howl #buckets 4 coarsen threshold 1843 Howl Bitmap #cards 512 size 80 coarsen threshold 460 Card regions per heap region 1 cards per card region 2048
 CPUs: 12 total, 12 available
 Memory: 7967M
 Large Page Support: Disabled
 NUMA Support: Disabled
 Compressed Oops: Enabled (32-bit)
 Heap Region Size: 1M
 Heap Min Capacity: 8M
 Heap Initial Capacity: 126M
 Heap Max Capacity: 1992M
 Pre-touch: Disabled
 Parallel Workers: 10
 Concurrent Workers: 3
 Concurrent Refinement Workers: 10
 Periodic GC: Disabled
Heap:
 garbage-first heap   total 40960K, used 30432K [0x0000000083800000, 0x0000000100000000)
  region size 1024K, 11 young (11264K), 1 survivors (1024K)
 Metaspace       used 10232K, committed 10496K, reserved 1114112K
  class space    used 1011K, committed 1152K, reserved 1048576K
GC Heap History (16 events):
Event: 5.143 GC heap before
{Heap before GC invocations=0 (full 0):
 garbage-first heap   total 129024K, used 5120K [0x0000000083800000, 0x0000000100000000)
  region size 1024K, 6 young (6144K), 0 survivors (0K)
 Metaspace       used 2687K, committed 2944K, reserved 1114112K
  class space    used 245K, committed 384K, reserved 1048576K
}
Event: 5.145 GC heap after
{Heap after GC invocations=1 (full 0):
 garbage-first heap   total 129024K, used 3009K [0x0000000083800000, 0x0000000100000000)
  region size 1024K, 1 young (1024K), 1 survivors (1024K)
 Metaspace       used 2687K, committed 2944K, reserved 1114112K
  class space    used 245K, committed 384K, reserved 1048576K
}
Event: 5.408 GC heap before
{Heap before GC invocations=1 (full 0):
 garbage-first heap   total 129024K, used 7105K [0x0000000083800000, 0x0000000100000000)
  region size 1024K, 6 young (6144K), 1 survivors (1024K)
 Metaspace       used 6964K, committed 7168K, reserved 1114112K
  class space    used 659K, committed 768K, reserved 1048576K
}
Event: 5.410 GC heap after
{Heap after GC invocations=2 (full 0):
 garbage-first heap   total 129024K, used 4651K [0x0000000083800000, 0x0000000100000000)
  region size 1024K, 1 young (1024K), 1 survivors (1024K)
 Metaspace       used 6964K, committed 7168K, reserved 1114112K
  class space    used 659K, committed 768K, reserved 1048576K
}
Event: 5.622 GC heap before
{Heap before GC invocations=2 (full 0):
 garbage-first heap   total 129024K, used 8747K [0x0000000083800000, 0x0000000100000000)
  region size 1024K, 6 young (6144K), 1 survivors (1024K)
 Metaspace       used 8028K, committed 8256K, reserved 1114112K
  class space    used 773K, committed 896K, reserved 1048576K
}
Event: 5.623 GC heap after
{Heap after GC invocations=3 (full 0):
 garbage-first heap   total 129024K, used 5005K [0x0000000083800000, 0x0000000100000000)
  region size 1024K, 1 young (1024K), 1 survivors (1024K)
 Metaspace       used 8028K, committed 8256K, reserved 1114112K
  class space    used 773K, committed 896K, reserved 1048576K
}
Event: 5.760 GC heap before
{Heap before GC invocations=3 (full 0):
 garbage-first heap   total 129024K, used 6029K [0x0000000083800000, 0x0000000100000000)
  region size 1024K, 4 young (4096K), 1 survivors (1024K)
 Metaspace       used 9252K, committed 9536K, reserved 1114112K
  class space    used 904K, committed 1024K, reserved 1048576K
}
Event: 5.768 GC heap after
{Heap after GC invocations=4 (full 1):
 garbage-first heap   total 24576K, used 5008K [0x0000000083800000, 0x0000000100000000)
  region size 1024K, 0 young (0K), 0 survivors (0K)
 Metaspace       used 9252K, committed 9536K, reserved 1114112K
  class space    used 904K, committed 1024K, reserved 1048576K
}
Event: 8.130 GC heap before
{Heap before GC invocations=4 (full 1):
 garbage-first heap   total 24576K, used 10128K [0x0000000083800000, 0x0000000100000000)
  region size 1024K, 4 young (4096K), 0 survivors (0K)
 Metaspace       used 10086K, committed 10304K, reserved 1114112K
  class space    used 998K, committed 1088K, reserved 1048576K
}
Event: 8.131 GC heap after
{Heap after GC invocations=5 (full 1):
 garbage-first heap   total 24576K, used 9007K [0x0000000083800000, 0x0000000100000000)
  region size 1024K, 1 young (1024K), 1 survivors (1024K)
 Metaspace       used 10086K, committed 10304K, reserved 1114112K
  class space    used 998K, committed 1088K, reserved 1048576K
}
Event: 8.137 GC heap before
{Heap before GC invocations=5 (full 1):
 garbage-first heap   total 24576K, used 12079K [0x0000000083800000, 0x0000000100000000)
  region size 1024K, 2 young (2048K), 1 survivors (1024K)
 Metaspace       used 10112K, committed 10304K, reserved 1114112K
  class space    used 1002K, committed 1088K, reserved 1048576K
}
Event: 8.138 GC heap after
{Heap after GC invocations=6 (full 1):
 garbage-first heap   total 24576K, used 12155K [0x0000000083800000, 0x0000000100000000)
  region size 1024K, 1 young (1024K), 1 survivors (1024K)
 Metaspace       used 10112K, committed 10304K, reserved 1114112K
  class space    used 1002K, committed 1088K, reserved 1048576K
}
Event: 8.144 GC heap before
{Heap before GC invocations=7 (full 1):
 garbage-first heap   total 40960K, used 21371K [0x0000000083800000, 0x0000000100000000)
  region size 1024K, 2 young (2048K), 1 survivors (1024K)
 Metaspace       used 10132K, committed 10368K, reserved 1114112K
  class space    used 1002K, committed 1088K, reserved 1048576K
}
Event: 8.151 GC heap after
{Heap after GC invocations=8 (full 2):
 garbage-first heap   total 40960K, used 21207K [0x0000000083800000, 0x0000000100000000)
  region size 1024K, 0 young (0K), 0 survivors (0K)
 Metaspace       used 10132K, committed 10368K, reserved 1114112K
  class space    used 1002K, committed 1088K, reserved 1048576K
}
Event: 8.209 GC heap before
{Heap before GC invocations=8 (full 2):
 garbage-first heap   total 40960K, used 21207K [0x0000000083800000, 0x0000000100000000)
  region size 1024K, 1 young (1024K), 0 survivors (0K)
 Metaspace       used 10132K, committed 10368K, reserved 1114112K
  class space    used 1002K, committed 1088K, reserved 1048576K
}
Event: 8.210 GC heap after
{Heap after GC invocations=9 (full 2):
 garbage-first heap   total 40960K, used 21216K [0x0000000083800000, 0x0000000100000000)
  region size 1024K, 1 young (1024K), 1 survivors (1024K)
 Metaspace       used 10132K, committed 10368K, reserved 1114112K
  class space    used 1002K, committed 1088K, reserved 1048576K
}

